<?xml version="1.0" encoding="UTF-8"?>
<testng-results ignored="0" total="20" passed="16" failed="4" skipped="0">
  <reporter-output>
    <line>
      <![CDATA[Extent Report DirectoryC:\Users\Devraj\IdeaProjects\ParabankParasoftCom\test-output\html]]>
    </line>
  </reporter-output>
  <suite started-at="2022-07-28T14:24:55 EDT" name="parasoftbank test" finished-at="2022-07-28T14:27:31 EDT" duration-ms="155986">
    <groups>
    </groups>
    <test started-at="2022-07-28T14:24:55 EDT" name="Main Title" finished-at="2022-07-28T14:25:19 EDT" duration-ms="23787">
      <class name="com.parasoftbank.Title">
        <test-method is-config="true" signature="setUp(boolean,java.lang.String,java.lang.String,java.lang.String,java.lang.String,java.lang.String,java.lang.String)[pri:0, instance:com.parasoftbank.Title@6b8ca3c8]" started-at="2022-07-28T14:24:55 EDT" name="setUp" finished-at="2022-07-28T14:25:13 EDT" duration-ms="17774" status="PASS">
          <params>
            <param index="0">
              <value>
                <![CDATA[false]]>
              </value>
            </param>
            <param index="1">
              <value>
                <![CDATA[browserstack]]>
              </value>
            </param>
            <param index="2">
              <value>
                <![CDATA[Windows]]>
              </value>
            </param>
            <param index="3">
              <value>
                <![CDATA[windows10]]>
              </value>
            </param>
            <param index="4">
              <value>
                <![CDATA[chrome]]>
              </value>
            </param>
            <param index="5">
              <value>
                <![CDATA[100]]>
              </value>
            </param>
            <param index="6">
              <value>
                <![CDATA[https://parabank.parasoft.com/]]>
              </value>
            </param>
          </params>
          <reporter-output>
          </reporter-output>
        </test-method> <!-- setUp -->
        <test-method is-config="true" signature="startExtent(java.lang.reflect.Method)[pri:0, instance:com.parasoftbank.Title@6b8ca3c8]" started-at="2022-07-28T14:25:13 EDT" name="startExtent" finished-at="2022-07-28T14:25:14 EDT" duration-ms="260" status="PASS">
          <params>
            <param index="0">
              <value>
                <![CDATA[public void com.parasoftbank.Title.ClickOnTitle()]]>
              </value>
            </param>
          </params>
          <reporter-output>
          </reporter-output>
        </test-method> <!-- startExtent -->
        <test-method signature="ClickOnTitle()[pri:0, instance:com.parasoftbank.Title@6b8ca3c8]" started-at="2022-07-28T14:25:14 EDT" name="ClickOnTitle" finished-at="2022-07-28T14:25:14 EDT" duration-ms="31" status="PASS">
          <reporter-output>
          </reporter-output>
        </test-method> <!-- ClickOnTitle -->
        <test-method is-config="true" signature="afterEachTestMethod(org.testng.ITestResult)[pri:0, instance:com.parasoftbank.Title@6b8ca3c8]" started-at="2022-07-28T14:25:14 EDT" name="afterEachTestMethod" finished-at="2022-07-28T14:25:19 EDT" duration-ms="5659" status="PASS">
          <params>
            <param index="0">
              <value>
                <![CDATA[[TestResult name=ClickOnTitle status=SUCCESS method=Title.ClickOnTitle()[pri:0, instance:com.parasoftbank.Title@6b8ca3c8] output={null}]]]>
              </value>
            </param>
          </params>
          <reporter-output>
          </reporter-output>
        </test-method> <!-- afterEachTestMethod -->
      </class> <!-- com.parasoftbank.Title -->
    </test> <!-- Main Title -->
    <test started-at="2022-07-28T14:25:19 EDT" name="Bank News" finished-at="2022-07-28T14:25:26 EDT" duration-ms="7104">
      <class name="com.parasoftbank.BankNews">
        <test-method is-config="true" signature="setUp(boolean,java.lang.String,java.lang.String,java.lang.String,java.lang.String,java.lang.String,java.lang.String)[pri:0, instance:com.parasoftbank.BankNews@6a84a97d]" started-at="2022-07-28T14:25:19 EDT" name="setUp" finished-at="2022-07-28T14:25:25 EDT" duration-ms="5574" status="PASS">
          <params>
            <param index="0">
              <value>
                <![CDATA[false]]>
              </value>
            </param>
            <param index="1">
              <value>
                <![CDATA[browserstack]]>
              </value>
            </param>
            <param index="2">
              <value>
                <![CDATA[Windows]]>
              </value>
            </param>
            <param index="3">
              <value>
                <![CDATA[windows10]]>
              </value>
            </param>
            <param index="4">
              <value>
                <![CDATA[chrome]]>
              </value>
            </param>
            <param index="5">
              <value>
                <![CDATA[100]]>
              </value>
            </param>
            <param index="6">
              <value>
                <![CDATA[https://parabank.parasoft.com/]]>
              </value>
            </param>
          </params>
          <reporter-output>
          </reporter-output>
        </test-method> <!-- setUp -->
        <test-method signature="ClickOnBankNews()[pri:0, instance:com.parasoftbank.BankNews@6a84a97d]" started-at="2022-07-28T14:25:25 EDT" name="ClickOnBankNews" finished-at="2022-07-28T14:25:25 EDT" duration-ms="374" status="PASS">
          <reporter-output>
          </reporter-output>
        </test-method> <!-- ClickOnBankNews -->
        <test-method is-config="true" signature="startExtent(java.lang.reflect.Method)[pri:0, instance:com.parasoftbank.BankNews@6a84a97d]" started-at="2022-07-28T14:25:25 EDT" name="startExtent" finished-at="2022-07-28T14:25:25 EDT" duration-ms="0" status="PASS">
          <params>
            <param index="0">
              <value>
                <![CDATA[public void com.parasoftbank.BankNews.ClickOnBankNews()]]>
              </value>
            </param>
          </params>
          <reporter-output>
          </reporter-output>
        </test-method> <!-- startExtent -->
        <test-method is-config="true" signature="afterEachTestMethod(org.testng.ITestResult)[pri:0, instance:com.parasoftbank.BankNews@6a84a97d]" started-at="2022-07-28T14:25:25 EDT" name="afterEachTestMethod" finished-at="2022-07-28T14:25:26 EDT" duration-ms="1156" status="PASS">
          <params>
            <param index="0">
              <value>
                <![CDATA[[TestResult name=ClickOnBankNews status=SUCCESS method=BankNews.ClickOnBankNews()[pri:0, instance:com.parasoftbank.BankNews@6a84a97d] output={null}]]]>
              </value>
            </param>
          </params>
          <reporter-output>
          </reporter-output>
        </test-method> <!-- afterEachTestMethod -->
      </class> <!-- com.parasoftbank.BankNews -->
    </test> <!-- Bank News -->
    <test started-at="2022-07-28T14:25:26 EDT" name="About Us" finished-at="2022-07-28T14:25:33 EDT" duration-ms="6600">
      <class name="com.parasoftbank.aboutUs">
        <test-method is-config="true" signature="setUp(boolean,java.lang.String,java.lang.String,java.lang.String,java.lang.String,java.lang.String,java.lang.String)[pri:0, instance:com.parasoftbank.aboutUs@20f5239f]" started-at="2022-07-28T14:25:26 EDT" name="setUp" finished-at="2022-07-28T14:25:32 EDT" duration-ms="5285" status="PASS">
          <params>
            <param index="0">
              <value>
                <![CDATA[false]]>
              </value>
            </param>
            <param index="1">
              <value>
                <![CDATA[browserstack]]>
              </value>
            </param>
            <param index="2">
              <value>
                <![CDATA[Windows]]>
              </value>
            </param>
            <param index="3">
              <value>
                <![CDATA[windows10]]>
              </value>
            </param>
            <param index="4">
              <value>
                <![CDATA[chrome]]>
              </value>
            </param>
            <param index="5">
              <value>
                <![CDATA[100]]>
              </value>
            </param>
            <param index="6">
              <value>
                <![CDATA[https://parabank.parasoft.com/]]>
              </value>
            </param>
          </params>
          <reporter-output>
          </reporter-output>
        </test-method> <!-- setUp -->
        <test-method signature="ClickOnAboutUs()[pri:0, instance:com.parasoftbank.aboutUs@20f5239f]" started-at="2022-07-28T14:25:32 EDT" name="ClickOnAboutUs" finished-at="2022-07-28T14:25:32 EDT" duration-ms="128" status="PASS">
          <reporter-output>
          </reporter-output>
        </test-method> <!-- ClickOnAboutUs -->
        <test-method is-config="true" signature="startExtent(java.lang.reflect.Method)[pri:0, instance:com.parasoftbank.aboutUs@20f5239f]" started-at="2022-07-28T14:25:32 EDT" name="startExtent" finished-at="2022-07-28T14:25:32 EDT" duration-ms="0" status="PASS">
          <params>
            <param index="0">
              <value>
                <![CDATA[public void com.parasoftbank.aboutUs.ClickOnAboutUs()]]>
              </value>
            </param>
          </params>
          <reporter-output>
          </reporter-output>
        </test-method> <!-- startExtent -->
        <test-method is-config="true" signature="afterEachTestMethod(org.testng.ITestResult)[pri:0, instance:com.parasoftbank.aboutUs@20f5239f]" started-at="2022-07-28T14:25:32 EDT" name="afterEachTestMethod" finished-at="2022-07-28T14:25:33 EDT" duration-ms="1172" status="PASS">
          <params>
            <param index="0">
              <value>
                <![CDATA[[TestResult name=ClickOnAboutUs status=SUCCESS method=aboutUs.ClickOnAboutUs()[pri:0, instance:com.parasoftbank.aboutUs@20f5239f] output={null}]]]>
              </value>
            </param>
          </params>
          <reporter-output>
          </reporter-output>
        </test-method> <!-- afterEachTestMethod -->
      </class> <!-- com.parasoftbank.aboutUs -->
    </test> <!-- About Us -->
    <test started-at="2022-07-28T14:25:33 EDT" name="Service" finished-at="2022-07-28T14:25:39 EDT" duration-ms="6161">
      <class name="com.parasoftbank.Service">
        <test-method is-config="true" signature="setUp(boolean,java.lang.String,java.lang.String,java.lang.String,java.lang.String,java.lang.String,java.lang.String)[pri:0, instance:com.parasoftbank.Service@29d89d5d]" started-at="2022-07-28T14:25:33 EDT" name="setUp" finished-at="2022-07-28T14:25:38 EDT" duration-ms="4834" status="PASS">
          <params>
            <param index="0">
              <value>
                <![CDATA[false]]>
              </value>
            </param>
            <param index="1">
              <value>
                <![CDATA[browserstack]]>
              </value>
            </param>
            <param index="2">
              <value>
                <![CDATA[Windows]]>
              </value>
            </param>
            <param index="3">
              <value>
                <![CDATA[windows10]]>
              </value>
            </param>
            <param index="4">
              <value>
                <![CDATA[chrome]]>
              </value>
            </param>
            <param index="5">
              <value>
                <![CDATA[100]]>
              </value>
            </param>
            <param index="6">
              <value>
                <![CDATA[https://parabank.parasoft.com/]]>
              </value>
            </param>
          </params>
          <reporter-output>
          </reporter-output>
        </test-method> <!-- setUp -->
        <test-method is-config="true" signature="startExtent(java.lang.reflect.Method)[pri:0, instance:com.parasoftbank.Service@29d89d5d]" started-at="2022-07-28T14:25:38 EDT" name="startExtent" finished-at="2022-07-28T14:25:38 EDT" duration-ms="8" status="PASS">
          <params>
            <param index="0">
              <value>
                <![CDATA[public void com.parasoftbank.Service.ClickOnService()]]>
              </value>
            </param>
          </params>
          <reporter-output>
          </reporter-output>
        </test-method> <!-- startExtent -->
        <test-method signature="ClickOnService()[pri:0, instance:com.parasoftbank.Service@29d89d5d]" started-at="2022-07-28T14:25:38 EDT" name="ClickOnService" finished-at="2022-07-28T14:25:38 EDT" duration-ms="87" status="PASS">
          <reporter-output>
          </reporter-output>
        </test-method> <!-- ClickOnService -->
        <test-method is-config="true" signature="afterEachTestMethod(org.testng.ITestResult)[pri:0, instance:com.parasoftbank.Service@29d89d5d]" started-at="2022-07-28T14:25:38 EDT" name="afterEachTestMethod" finished-at="2022-07-28T14:25:39 EDT" duration-ms="1232" status="PASS">
          <params>
            <param index="0">
              <value>
                <![CDATA[[TestResult name=ClickOnService status=SUCCESS method=Service.ClickOnService()[pri:0, instance:com.parasoftbank.Service@29d89d5d] output={null}]]]>
              </value>
            </param>
          </params>
          <reporter-output>
          </reporter-output>
        </test-method> <!-- afterEachTestMethod -->
      </class> <!-- com.parasoftbank.Service -->
    </test> <!-- Service -->
    <test started-at="2022-07-28T14:25:39 EDT" name="login" finished-at="2022-07-28T14:25:45 EDT" duration-ms="6187">
      <class name="com.parasoftbank.LoginTest">
        <test-method is-config="true" signature="setUp(boolean,java.lang.String,java.lang.String,java.lang.String,java.lang.String,java.lang.String,java.lang.String)[pri:0, instance:com.parasoftbank.LoginTest@2df9b86]" started-at="2022-07-28T14:25:39 EDT" name="setUp" finished-at="2022-07-28T14:25:44 EDT" duration-ms="5005" status="PASS">
          <params>
            <param index="0">
              <value>
                <![CDATA[false]]>
              </value>
            </param>
            <param index="1">
              <value>
                <![CDATA[browserstack]]>
              </value>
            </param>
            <param index="2">
              <value>
                <![CDATA[Windows]]>
              </value>
            </param>
            <param index="3">
              <value>
                <![CDATA[windows10]]>
              </value>
            </param>
            <param index="4">
              <value>
                <![CDATA[chrome]]>
              </value>
            </param>
            <param index="5">
              <value>
                <![CDATA[100]]>
              </value>
            </param>
            <param index="6">
              <value>
                <![CDATA[https://parabank.parasoft.com/]]>
              </value>
            </param>
          </params>
          <reporter-output>
          </reporter-output>
        </test-method> <!-- setUp -->
        <test-method signature="ClickOnLoginTest()[pri:0, instance:com.parasoftbank.LoginTest@2df9b86]" started-at="2022-07-28T14:25:44 EDT" name="ClickOnLoginTest" finished-at="2022-07-28T14:25:44 EDT" duration-ms="8" status="PASS">
          <reporter-output>
          </reporter-output>
        </test-method> <!-- ClickOnLoginTest -->
        <test-method is-config="true" signature="startExtent(java.lang.reflect.Method)[pri:0, instance:com.parasoftbank.LoginTest@2df9b86]" started-at="2022-07-28T14:25:44 EDT" name="startExtent" finished-at="2022-07-28T14:25:44 EDT" duration-ms="0" status="PASS">
          <params>
            <param index="0">
              <value>
                <![CDATA[public void com.parasoftbank.LoginTest.ClickOnLoginTest()]]>
              </value>
            </param>
          </params>
          <reporter-output>
          </reporter-output>
        </test-method> <!-- startExtent -->
        <test-method is-config="true" signature="afterEachTestMethod(org.testng.ITestResult)[pri:0, instance:com.parasoftbank.LoginTest@2df9b86]" started-at="2022-07-28T14:25:44 EDT" name="afterEachTestMethod" finished-at="2022-07-28T14:25:45 EDT" duration-ms="1174" status="PASS">
          <params>
            <param index="0">
              <value>
                <![CDATA[[TestResult name=ClickOnLoginTest status=SUCCESS method=LoginTest.ClickOnLoginTest()[pri:0, instance:com.parasoftbank.LoginTest@2df9b86] output={null}]]]>
              </value>
            </param>
          </params>
          <reporter-output>
          </reporter-output>
        </test-method> <!-- afterEachTestMethod -->
      </class> <!-- com.parasoftbank.LoginTest -->
    </test> <!-- login -->
    <test started-at="2022-07-28T14:25:45 EDT" name="Log-in" finished-at="2022-07-28T14:25:51 EDT" duration-ms="5957">
      <class name="com.parasoftbank.Login">
        <test-method is-config="true" signature="setUp(boolean,java.lang.String,java.lang.String,java.lang.String,java.lang.String,java.lang.String,java.lang.String)[pri:0, instance:com.parasoftbank.Login@101952da]" started-at="2022-07-28T14:25:45 EDT" name="setUp" finished-at="2022-07-28T14:25:50 EDT" duration-ms="4537" status="PASS">
          <params>
            <param index="0">
              <value>
                <![CDATA[false]]>
              </value>
            </param>
            <param index="1">
              <value>
                <![CDATA[browserstack]]>
              </value>
            </param>
            <param index="2">
              <value>
                <![CDATA[Windows]]>
              </value>
            </param>
            <param index="3">
              <value>
                <![CDATA[windows10]]>
              </value>
            </param>
            <param index="4">
              <value>
                <![CDATA[chrome]]>
              </value>
            </param>
            <param index="5">
              <value>
                <![CDATA[100]]>
              </value>
            </param>
            <param index="6">
              <value>
                <![CDATA[https://parabank.parasoft.com/]]>
              </value>
            </param>
          </params>
          <reporter-output>
          </reporter-output>
        </test-method> <!-- setUp -->
        <test-method signature="ClickLogin()[pri:0, instance:com.parasoftbank.Login@101952da]" started-at="2022-07-28T14:25:50 EDT" name="ClickLogin" finished-at="2022-07-28T14:25:50 EDT" duration-ms="337" status="PASS">
          <reporter-output>
          </reporter-output>
        </test-method> <!-- ClickLogin -->
        <test-method is-config="true" signature="startExtent(java.lang.reflect.Method)[pri:0, instance:com.parasoftbank.Login@101952da]" started-at="2022-07-28T14:25:50 EDT" name="startExtent" finished-at="2022-07-28T14:25:50 EDT" duration-ms="0" status="PASS">
          <params>
            <param index="0">
              <value>
                <![CDATA[public void com.parasoftbank.Login.ClickLogin()]]>
              </value>
            </param>
          </params>
          <reporter-output>
          </reporter-output>
        </test-method> <!-- startExtent -->
        <test-method is-config="true" signature="afterEachTestMethod(org.testng.ITestResult)[pri:0, instance:com.parasoftbank.Login@101952da]" started-at="2022-07-28T14:25:50 EDT" name="afterEachTestMethod" finished-at="2022-07-28T14:25:51 EDT" duration-ms="1075" status="PASS">
          <params>
            <param index="0">
              <value>
                <![CDATA[[TestResult name=ClickLogin status=SUCCESS method=Login.ClickLogin()[pri:0, instance:com.parasoftbank.Login@101952da] output={null}]]]>
              </value>
            </param>
          </params>
          <reporter-output>
          </reporter-output>
        </test-method> <!-- afterEachTestMethod -->
      </class> <!-- com.parasoftbank.Login -->
    </test> <!-- Log-in -->
    <test started-at="2022-07-28T14:25:51 EDT" name="Bill Pay" finished-at="2022-07-28T14:25:58 EDT" duration-ms="7063">
      <class name="com.parasoftbank.BillPay">
        <test-method is-config="true" signature="setUp(boolean,java.lang.String,java.lang.String,java.lang.String,java.lang.String,java.lang.String,java.lang.String)[pri:0, instance:com.parasoftbank.BillPay@3fb1549b]" started-at="2022-07-28T14:25:51 EDT" name="setUp" finished-at="2022-07-28T14:25:57 EDT" duration-ms="5524" status="PASS">
          <params>
            <param index="0">
              <value>
                <![CDATA[false]]>
              </value>
            </param>
            <param index="1">
              <value>
                <![CDATA[browserstack]]>
              </value>
            </param>
            <param index="2">
              <value>
                <![CDATA[Windows]]>
              </value>
            </param>
            <param index="3">
              <value>
                <![CDATA[windows10]]>
              </value>
            </param>
            <param index="4">
              <value>
                <![CDATA[chrome]]>
              </value>
            </param>
            <param index="5">
              <value>
                <![CDATA[100]]>
              </value>
            </param>
            <param index="6">
              <value>
                <![CDATA[https://parabank.parasoft.com/]]>
              </value>
            </param>
          </params>
          <reporter-output>
          </reporter-output>
        </test-method> <!-- setUp -->
        <test-method signature="ClickOnBillPay()[pri:0, instance:com.parasoftbank.BillPay@3fb1549b]" started-at="2022-07-28T14:25:57 EDT" name="ClickOnBillPay" finished-at="2022-07-28T14:25:57 EDT" duration-ms="394" status="PASS">
          <reporter-output>
          </reporter-output>
        </test-method> <!-- ClickOnBillPay -->
        <test-method is-config="true" signature="startExtent(java.lang.reflect.Method)[pri:0, instance:com.parasoftbank.BillPay@3fb1549b]" started-at="2022-07-28T14:25:57 EDT" name="startExtent" finished-at="2022-07-28T14:25:57 EDT" duration-ms="0" status="PASS">
          <params>
            <param index="0">
              <value>
                <![CDATA[public void com.parasoftbank.BillPay.ClickOnBillPay()]]>
              </value>
            </param>
          </params>
          <reporter-output>
          </reporter-output>
        </test-method> <!-- startExtent -->
        <test-method is-config="true" signature="afterEachTestMethod(org.testng.ITestResult)[pri:0, instance:com.parasoftbank.BillPay@3fb1549b]" started-at="2022-07-28T14:25:57 EDT" name="afterEachTestMethod" finished-at="2022-07-28T14:25:58 EDT" duration-ms="1129" status="PASS">
          <params>
            <param index="0">
              <value>
                <![CDATA[[TestResult name=ClickOnBillPay status=SUCCESS method=BillPay.ClickOnBillPay()[pri:0, instance:com.parasoftbank.BillPay@3fb1549b] output={null}]]]>
              </value>
            </param>
          </params>
          <reporter-output>
          </reporter-output>
        </test-method> <!-- afterEachTestMethod -->
      </class> <!-- com.parasoftbank.BillPay -->
    </test> <!-- Bill Pay -->
    <test started-at="2022-07-28T14:25:58 EDT" name="Product" finished-at="2022-07-28T14:26:06 EDT" duration-ms="7352">
      <class name="com.parasoftbank.product">
        <test-method is-config="true" signature="setUp(boolean,java.lang.String,java.lang.String,java.lang.String,java.lang.String,java.lang.String,java.lang.String)[pri:0, instance:com.parasoftbank.product@4bb33f74]" started-at="2022-07-28T14:25:58 EDT" name="setUp" finished-at="2022-07-28T14:26:04 EDT" duration-ms="5969" status="PASS">
          <params>
            <param index="0">
              <value>
                <![CDATA[false]]>
              </value>
            </param>
            <param index="1">
              <value>
                <![CDATA[browserstack]]>
              </value>
            </param>
            <param index="2">
              <value>
                <![CDATA[Windows]]>
              </value>
            </param>
            <param index="3">
              <value>
                <![CDATA[windows10]]>
              </value>
            </param>
            <param index="4">
              <value>
                <![CDATA[chrome]]>
              </value>
            </param>
            <param index="5">
              <value>
                <![CDATA[100]]>
              </value>
            </param>
            <param index="6">
              <value>
                <![CDATA[https://parabank.parasoft.com/]]>
              </value>
            </param>
          </params>
          <reporter-output>
          </reporter-output>
        </test-method> <!-- setUp -->
        <test-method signature="ClickProduct()[pri:0, instance:com.parasoftbank.product@4bb33f74]" started-at="2022-07-28T14:26:04 EDT" name="ClickProduct" finished-at="2022-07-28T14:26:05 EDT" duration-ms="185" status="PASS">
          <reporter-output>
          </reporter-output>
        </test-method> <!-- ClickProduct -->
        <test-method is-config="true" signature="startExtent(java.lang.reflect.Method)[pri:0, instance:com.parasoftbank.product@4bb33f74]" started-at="2022-07-28T14:26:04 EDT" name="startExtent" finished-at="2022-07-28T14:26:04 EDT" duration-ms="0" status="PASS">
          <params>
            <param index="0">
              <value>
                <![CDATA[public void com.parasoftbank.product.ClickProduct()]]>
              </value>
            </param>
          </params>
          <reporter-output>
          </reporter-output>
        </test-method> <!-- startExtent -->
        <test-method is-config="true" signature="afterEachTestMethod(org.testng.ITestResult)[pri:0, instance:com.parasoftbank.product@4bb33f74]" started-at="2022-07-28T14:26:05 EDT" name="afterEachTestMethod" finished-at="2022-07-28T14:26:06 EDT" duration-ms="1198" status="PASS">
          <params>
            <param index="0">
              <value>
                <![CDATA[[TestResult name=ClickProduct status=SUCCESS method=product.ClickProduct()[pri:0, instance:com.parasoftbank.product@4bb33f74] output={null}]]]>
              </value>
            </param>
          </params>
          <reporter-output>
          </reporter-output>
        </test-method> <!-- afterEachTestMethod -->
      </class> <!-- com.parasoftbank.product -->
    </test> <!-- Product -->
    <test started-at="2022-07-28T14:26:06 EDT" name="Site Map" finished-at="2022-07-28T14:26:15 EDT" duration-ms="8910">
      <class name="com.parasoftbank.siteMap">
        <test-method is-config="true" signature="setUp(boolean,java.lang.String,java.lang.String,java.lang.String,java.lang.String,java.lang.String,java.lang.String)[pri:0, instance:com.parasoftbank.siteMap@49c7b90e]" started-at="2022-07-28T14:26:06 EDT" name="setUp" finished-at="2022-07-28T14:26:13 EDT" duration-ms="7644" status="PASS">
          <params>
            <param index="0">
              <value>
                <![CDATA[false]]>
              </value>
            </param>
            <param index="1">
              <value>
                <![CDATA[browserstack]]>
              </value>
            </param>
            <param index="2">
              <value>
                <![CDATA[Windows]]>
              </value>
            </param>
            <param index="3">
              <value>
                <![CDATA[windows10]]>
              </value>
            </param>
            <param index="4">
              <value>
                <![CDATA[chrome]]>
              </value>
            </param>
            <param index="5">
              <value>
                <![CDATA[100]]>
              </value>
            </param>
            <param index="6">
              <value>
                <![CDATA[https://parabank.parasoft.com/]]>
              </value>
            </param>
          </params>
          <reporter-output>
          </reporter-output>
        </test-method> <!-- setUp -->
        <test-method signature="ClickOnSiteMap()[pri:0, instance:com.parasoftbank.siteMap@49c7b90e]" started-at="2022-07-28T14:26:13 EDT" name="ClickOnSiteMap" finished-at="2022-07-28T14:26:13 EDT" duration-ms="83" status="PASS">
          <reporter-output>
          </reporter-output>
        </test-method> <!-- ClickOnSiteMap -->
        <test-method is-config="true" signature="startExtent(java.lang.reflect.Method)[pri:0, instance:com.parasoftbank.siteMap@49c7b90e]" started-at="2022-07-28T14:26:13 EDT" name="startExtent" finished-at="2022-07-28T14:26:13 EDT" duration-ms="0" status="PASS">
          <params>
            <param index="0">
              <value>
                <![CDATA[public void com.parasoftbank.siteMap.ClickOnSiteMap()]]>
              </value>
            </param>
          </params>
          <reporter-output>
          </reporter-output>
        </test-method> <!-- startExtent -->
        <test-method is-config="true" signature="afterEachTestMethod(org.testng.ITestResult)[pri:0, instance:com.parasoftbank.siteMap@49c7b90e]" started-at="2022-07-28T14:26:13 EDT" name="afterEachTestMethod" finished-at="2022-07-28T14:26:15 EDT" duration-ms="1183" status="PASS">
          <params>
            <param index="0">
              <value>
                <![CDATA[[TestResult name=ClickOnSiteMap status=SUCCESS method=siteMap.ClickOnSiteMap()[pri:0, instance:com.parasoftbank.siteMap@49c7b90e] output={null}]]]>
              </value>
            </param>
          </params>
          <reporter-output>
          </reporter-output>
        </test-method> <!-- afterEachTestMethod -->
      </class> <!-- com.parasoftbank.siteMap -->
    </test> <!-- Site Map -->
    <test started-at="2022-07-28T14:26:15 EDT" name="Payee Information" finished-at="2022-07-28T14:26:24 EDT" duration-ms="9409">
      <class name="com.parasoftbank.EnterBillPayeeInformation">
        <test-method is-config="true" signature="setUp(boolean,java.lang.String,java.lang.String,java.lang.String,java.lang.String,java.lang.String,java.lang.String)[pri:0, instance:com.parasoftbank.EnterBillPayeeInformation@5403f35f]" started-at="2022-07-28T14:26:15 EDT" name="setUp" finished-at="2022-07-28T14:26:22 EDT" duration-ms="7519" status="PASS">
          <params>
            <param index="0">
              <value>
                <![CDATA[false]]>
              </value>
            </param>
            <param index="1">
              <value>
                <![CDATA[browserstack]]>
              </value>
            </param>
            <param index="2">
              <value>
                <![CDATA[Windows]]>
              </value>
            </param>
            <param index="3">
              <value>
                <![CDATA[windows10]]>
              </value>
            </param>
            <param index="4">
              <value>
                <![CDATA[chrome]]>
              </value>
            </param>
            <param index="5">
              <value>
                <![CDATA[100]]>
              </value>
            </param>
            <param index="6">
              <value>
                <![CDATA[https://parabank.parasoft.com/]]>
              </value>
            </param>
          </params>
          <reporter-output>
          </reporter-output>
        </test-method> <!-- setUp -->
        <test-method signature="ClickBillPayeeInformation()[pri:0, instance:com.parasoftbank.EnterBillPayeeInformation@5403f35f]" started-at="2022-07-28T14:26:22 EDT" name="ClickBillPayeeInformation" finished-at="2022-07-28T14:26:23 EDT" duration-ms="476" status="FAIL">
          <exception class="org.openqa.selenium.NoSuchElementException">
            <message>
              <![CDATA[no such element: Unable to locate element: {"method":"css selector","selector":"*[name='payee.name']"}
  (Session info: chrome=103.0.5060.134)
For documentation on this error, please visit: https://selenium.dev/exceptions/#no_such_element
Build info: version: '4.3.0', revision: 'a4995e2c09*'
System info: host: 'DESKTOP-IA81GD4', ip: '192.168.56.1', os.name: 'Windows 10', os.arch: 'amd64', os.version: '10.0', java.version: '11.0.15'
Driver info: org.openqa.selenium.chrome.ChromeDriver
Command: [413786a9b867dcba7c0a3ab11239b540, findElement {using=name, value=payee.name}]
Capabilities {acceptInsecureCerts: false, browserName: chrome, browserVersion: 103.0.5060.134, chrome: {chromedriverVersion: 103.0.5060.53 (a1711811edd7..., userDataDir: C:\Users\Devraj\AppData\Loc...}, goog:chromeOptions: {debuggerAddress: localhost:57863}, networkConnectionEnabled: false, pageLoadStrategy: normal, platformName: WINDOWS, proxy: Proxy(), se:cdp: ws://localhost:57863/devtoo..., se:cdpVersion: 103.0.5060.134, setWindowRect: true, strictFileInteractability: false, timeouts: {implicit: 0, pageLoad: 300000, script: 30000}, unhandledPromptBehavior: dismiss and notify, webauthn:extension:credBlob: true, webauthn:extension:largeBlob: true, webauthn:virtualAuthenticators: true}
Session ID: 413786a9b867dcba7c0a3ab11239b540]]>
            </message>
            <full-stacktrace>
              <![CDATA[org.openqa.selenium.NoSuchElementException: no such element: Unable to locate element: {"method":"css selector","selector":"*[name='payee.name']"}
  (Session info: chrome=103.0.5060.134)
For documentation on this error, please visit: https://selenium.dev/exceptions/#no_such_element
Build info: version: '4.3.0', revision: 'a4995e2c09*'
System info: host: 'DESKTOP-IA81GD4', ip: '192.168.56.1', os.name: 'Windows 10', os.arch: 'amd64', os.version: '10.0', java.version: '11.0.15'
Driver info: org.openqa.selenium.chrome.ChromeDriver
Command: [413786a9b867dcba7c0a3ab11239b540, findElement {using=name, value=payee.name}]
Capabilities {acceptInsecureCerts: false, browserName: chrome, browserVersion: 103.0.5060.134, chrome: {chromedriverVersion: 103.0.5060.53 (a1711811edd7..., userDataDir: C:\Users\Devraj\AppData\Loc...}, goog:chromeOptions: {debuggerAddress: localhost:57863}, networkConnectionEnabled: false, pageLoadStrategy: normal, platformName: WINDOWS, proxy: Proxy(), se:cdp: ws://localhost:57863/devtoo..., se:cdpVersion: 103.0.5060.134, setWindowRect: true, strictFileInteractability: false, timeouts: {implicit: 0, pageLoad: 300000, script: 30000}, unhandledPromptBehavior: dismiss and notify, webauthn:extension:credBlob: true, webauthn:extension:largeBlob: true, webauthn:virtualAuthenticators: true}
Session ID: 413786a9b867dcba7c0a3ab11239b540
at java.base/jdk.internal.reflect.NativeConstructorAccessorImpl.newInstance0(Native Method)
at java.base/jdk.internal.reflect.NativeConstructorAccessorImpl.newInstance(NativeConstructorAccessorImpl.java:62)
at java.base/jdk.internal.reflect.DelegatingConstructorAccessorImpl.newInstance(DelegatingConstructorAccessorImpl.java:45)
at java.base/java.lang.reflect.Constructor.newInstance(Constructor.java:490)
at org.openqa.selenium.remote.codec.w3c.W3CHttpResponseCodec.createException(W3CHttpResponseCodec.java:200)
at org.openqa.selenium.remote.codec.w3c.W3CHttpResponseCodec.decode(W3CHttpResponseCodec.java:133)
at org.openqa.selenium.remote.codec.w3c.W3CHttpResponseCodec.decode(W3CHttpResponseCodec.java:53)
at org.openqa.selenium.remote.HttpCommandExecutor.execute(HttpCommandExecutor.java:184)
at org.openqa.selenium.remote.service.DriverCommandExecutor.invokeExecute(DriverCommandExecutor.java:167)
at org.openqa.selenium.remote.service.DriverCommandExecutor.execute(DriverCommandExecutor.java:142)
at org.openqa.selenium.remote.RemoteWebDriver.execute(RemoteWebDriver.java:569)
at org.openqa.selenium.remote.ElementLocation$ElementFinder$2.findElement(ElementLocation.java:162)
at org.openqa.selenium.remote.ElementLocation.findElement(ElementLocation.java:60)
at org.openqa.selenium.remote.RemoteWebDriver.findElement(RemoteWebDriver.java:387)
at org.openqa.selenium.remote.RemoteWebDriver.findElement(RemoteWebDriver.java:379)
at org.openqa.selenium.support.pagefactory.DefaultElementLocator.findElement(DefaultElementLocator.java:70)
at org.openqa.selenium.support.pagefactory.internal.LocatingElementHandler.invoke(LocatingElementHandler.java:39)
at com.sun.proxy.$Proxy19.sendKeys(Unknown Source)
at Base.CommonAPI.type(CommonAPI.java:178)
at pages.LogInPage.EnterPayeeName(LogInPage.java:322)
at com.parasoftbank.EnterBillPayeeInformation.ClickBillPayeeInformation(EnterBillPayeeInformation.java:20)
at java.base/jdk.internal.reflect.NativeMethodAccessorImpl.invoke0(Native Method)
at java.base/jdk.internal.reflect.NativeMethodAccessorImpl.invoke(NativeMethodAccessorImpl.java:62)
at java.base/jdk.internal.reflect.DelegatingMethodAccessorImpl.invoke(DelegatingMethodAccessorImpl.java:43)
at java.base/java.lang.reflect.Method.invoke(Method.java:566)
at org.testng.internal.invokers.MethodInvocationHelper.invokeMethod(MethodInvocationHelper.java:139)
at org.testng.internal.invokers.TestInvoker.invokeMethod(TestInvoker.java:677)
at org.testng.internal.invokers.TestInvoker.invokeTestMethod(TestInvoker.java:221)
at org.testng.internal.invokers.MethodRunner.runInSequence(MethodRunner.java:50)
at org.testng.internal.invokers.TestInvoker$MethodInvocationAgent.invoke(TestInvoker.java:962)
at org.testng.internal.invokers.TestInvoker.invokeTestMethods(TestInvoker.java:194)
at org.testng.internal.invokers.TestMethodWorker.invokeTestMethods(TestMethodWorker.java:148)
at org.testng.internal.invokers.TestMethodWorker.run(TestMethodWorker.java:128)
at java.base/java.util.ArrayList.forEach(ArrayList.java:1541)
at org.testng.TestRunner.privateRun(TestRunner.java:806)
at org.testng.TestRunner.run(TestRunner.java:601)
at org.testng.SuiteRunner.runTest(SuiteRunner.java:433)
at org.testng.SuiteRunner.runSequentially(SuiteRunner.java:427)
at org.testng.SuiteRunner.privateRun(SuiteRunner.java:387)
at org.testng.SuiteRunner.run(SuiteRunner.java:330)
at org.testng.SuiteRunnerWorker.runSuite(SuiteRunnerWorker.java:52)
at org.testng.SuiteRunnerWorker.run(SuiteRunnerWorker.java:95)
at org.testng.TestNG.runSuitesSequentially(TestNG.java:1256)
at org.testng.TestNG.runSuitesLocally(TestNG.java:1176)
at org.testng.TestNG.runSuites(TestNG.java:1099)
at org.testng.TestNG.run(TestNG.java:1067)
at com.intellij.rt.testng.IDEARemoteTestNG.run(IDEARemoteTestNG.java:66)
at com.intellij.rt.testng.RemoteTestNGStarter.main(RemoteTestNGStarter.java:109)
]]>
            </full-stacktrace>
          </exception> <!-- org.openqa.selenium.NoSuchElementException -->
          <reporter-output>
          </reporter-output>
        </test-method> <!-- ClickBillPayeeInformation -->
        <test-method is-config="true" signature="startExtent(java.lang.reflect.Method)[pri:0, instance:com.parasoftbank.EnterBillPayeeInformation@5403f35f]" started-at="2022-07-28T14:26:22 EDT" name="startExtent" finished-at="2022-07-28T14:26:22 EDT" duration-ms="0" status="PASS">
          <params>
            <param index="0">
              <value>
                <![CDATA[public void com.parasoftbank.EnterBillPayeeInformation.ClickBillPayeeInformation()]]>
              </value>
            </param>
          </params>
          <reporter-output>
          </reporter-output>
        </test-method> <!-- startExtent -->
        <test-method is-config="true" signature="afterEachTestMethod(org.testng.ITestResult)[pri:0, instance:com.parasoftbank.EnterBillPayeeInformation@5403f35f]" started-at="2022-07-28T14:26:23 EDT" name="afterEachTestMethod" finished-at="2022-07-28T14:26:24 EDT" duration-ms="1408" status="PASS">
          <params>
            <param index="0">
              <value>
                <![CDATA[[TestResult name=ClickBillPayeeInformation status=FAILURE method=EnterBillPayeeInformation.ClickBillPayeeInformation()[pri:0, instance:com.parasoftbank.EnterBillPayeeInformation@5403f35f] output={null}]]]>
              </value>
            </param>
          </params>
          <reporter-output>
          </reporter-output>
        </test-method> <!-- afterEachTestMethod -->
      </class> <!-- com.parasoftbank.EnterBillPayeeInformation -->
    </test> <!-- Payee Information -->
    <test started-at="2022-07-28T14:26:24 EDT" name="Request Loan" finished-at="2022-07-28T14:26:32 EDT" duration-ms="7994">
      <class name="com.parasoftbank.requestLoan">
        <test-method is-config="true" signature="setUp(boolean,java.lang.String,java.lang.String,java.lang.String,java.lang.String,java.lang.String,java.lang.String)[pri:0, instance:com.parasoftbank.requestLoan@32b260fa]" started-at="2022-07-28T14:26:24 EDT" name="setUp" finished-at="2022-07-28T14:26:31 EDT" duration-ms="6791" status="PASS">
          <params>
            <param index="0">
              <value>
                <![CDATA[false]]>
              </value>
            </param>
            <param index="1">
              <value>
                <![CDATA[browserstack]]>
              </value>
            </param>
            <param index="2">
              <value>
                <![CDATA[Windows]]>
              </value>
            </param>
            <param index="3">
              <value>
                <![CDATA[windows10]]>
              </value>
            </param>
            <param index="4">
              <value>
                <![CDATA[chrome]]>
              </value>
            </param>
            <param index="5">
              <value>
                <![CDATA[100]]>
              </value>
            </param>
            <param index="6">
              <value>
                <![CDATA[https://parabank.parasoft.com/]]>
              </value>
            </param>
          </params>
          <reporter-output>
          </reporter-output>
        </test-method> <!-- setUp -->
        <test-method signature="ClickRequestLoanForm()[pri:0, instance:com.parasoftbank.requestLoan@32b260fa]" started-at="2022-07-28T14:26:31 EDT" name="ClickRequestLoanForm" finished-at="2022-07-28T14:26:31 EDT" duration-ms="374" status="FAIL">
          <exception class="org.openqa.selenium.NoSuchElementException">
            <message>
              <![CDATA[no such element: Unable to locate element: {"method":"xpath","selector":"//*[@id="amount"]"}
  (Session info: chrome=103.0.5060.134)
For documentation on this error, please visit: https://selenium.dev/exceptions/#no_such_element
Build info: version: '4.3.0', revision: 'a4995e2c09*'
System info: host: 'DESKTOP-IA81GD4', ip: '192.168.56.1', os.name: 'Windows 10', os.arch: 'amd64', os.version: '10.0', java.version: '11.0.15'
Driver info: org.openqa.selenium.chrome.ChromeDriver
Command: [0fd7c32743ab07a7ae152ed98815a6cc, findElement {using=xpath, value=//*[@id="amount"]}]
Capabilities {acceptInsecureCerts: false, browserName: chrome, browserVersion: 103.0.5060.134, chrome: {chromedriverVersion: 103.0.5060.53 (a1711811edd7..., userDataDir: C:\Users\Devraj\AppData\Loc...}, goog:chromeOptions: {debuggerAddress: localhost:57904}, networkConnectionEnabled: false, pageLoadStrategy: normal, platformName: WINDOWS, proxy: Proxy(), se:cdp: ws://localhost:57904/devtoo..., se:cdpVersion: 103.0.5060.134, setWindowRect: true, strictFileInteractability: false, timeouts: {implicit: 0, pageLoad: 300000, script: 30000}, unhandledPromptBehavior: dismiss and notify, webauthn:extension:credBlob: true, webauthn:extension:largeBlob: true, webauthn:virtualAuthenticators: true}
Session ID: 0fd7c32743ab07a7ae152ed98815a6cc]]>
            </message>
            <full-stacktrace>
              <![CDATA[org.openqa.selenium.NoSuchElementException: no such element: Unable to locate element: {"method":"xpath","selector":"//*[@id="amount"]"}
  (Session info: chrome=103.0.5060.134)
For documentation on this error, please visit: https://selenium.dev/exceptions/#no_such_element
Build info: version: '4.3.0', revision: 'a4995e2c09*'
System info: host: 'DESKTOP-IA81GD4', ip: '192.168.56.1', os.name: 'Windows 10', os.arch: 'amd64', os.version: '10.0', java.version: '11.0.15'
Driver info: org.openqa.selenium.chrome.ChromeDriver
Command: [0fd7c32743ab07a7ae152ed98815a6cc, findElement {using=xpath, value=//*[@id="amount"]}]
Capabilities {acceptInsecureCerts: false, browserName: chrome, browserVersion: 103.0.5060.134, chrome: {chromedriverVersion: 103.0.5060.53 (a1711811edd7..., userDataDir: C:\Users\Devraj\AppData\Loc...}, goog:chromeOptions: {debuggerAddress: localhost:57904}, networkConnectionEnabled: false, pageLoadStrategy: normal, platformName: WINDOWS, proxy: Proxy(), se:cdp: ws://localhost:57904/devtoo..., se:cdpVersion: 103.0.5060.134, setWindowRect: true, strictFileInteractability: false, timeouts: {implicit: 0, pageLoad: 300000, script: 30000}, unhandledPromptBehavior: dismiss and notify, webauthn:extension:credBlob: true, webauthn:extension:largeBlob: true, webauthn:virtualAuthenticators: true}
Session ID: 0fd7c32743ab07a7ae152ed98815a6cc
at java.base/jdk.internal.reflect.NativeConstructorAccessorImpl.newInstance0(Native Method)
at java.base/jdk.internal.reflect.NativeConstructorAccessorImpl.newInstance(NativeConstructorAccessorImpl.java:62)
at java.base/jdk.internal.reflect.DelegatingConstructorAccessorImpl.newInstance(DelegatingConstructorAccessorImpl.java:45)
at java.base/java.lang.reflect.Constructor.newInstance(Constructor.java:490)
at org.openqa.selenium.remote.codec.w3c.W3CHttpResponseCodec.createException(W3CHttpResponseCodec.java:200)
at org.openqa.selenium.remote.codec.w3c.W3CHttpResponseCodec.decode(W3CHttpResponseCodec.java:133)
at org.openqa.selenium.remote.codec.w3c.W3CHttpResponseCodec.decode(W3CHttpResponseCodec.java:53)
at org.openqa.selenium.remote.HttpCommandExecutor.execute(HttpCommandExecutor.java:184)
at org.openqa.selenium.remote.service.DriverCommandExecutor.invokeExecute(DriverCommandExecutor.java:167)
at org.openqa.selenium.remote.service.DriverCommandExecutor.execute(DriverCommandExecutor.java:142)
at org.openqa.selenium.remote.RemoteWebDriver.execute(RemoteWebDriver.java:569)
at org.openqa.selenium.remote.ElementLocation$ElementFinder$2.findElement(ElementLocation.java:162)
at org.openqa.selenium.remote.ElementLocation.findElement(ElementLocation.java:60)
at org.openqa.selenium.remote.RemoteWebDriver.findElement(RemoteWebDriver.java:387)
at org.openqa.selenium.remote.RemoteWebDriver.findElement(RemoteWebDriver.java:379)
at org.openqa.selenium.support.pagefactory.DefaultElementLocator.findElement(DefaultElementLocator.java:70)
at org.openqa.selenium.support.pagefactory.internal.LocatingElementHandler.invoke(LocatingElementHandler.java:39)
at com.sun.proxy.$Proxy19.sendKeys(Unknown Source)
at Base.CommonAPI.type(CommonAPI.java:178)
at pages.LogInPage.TypeLoanAmountSuccess(LogInPage.java:158)
at com.parasoftbank.requestLoan.ClickRequestLoanForm(requestLoan.java:18)
at java.base/jdk.internal.reflect.NativeMethodAccessorImpl.invoke0(Native Method)
at java.base/jdk.internal.reflect.NativeMethodAccessorImpl.invoke(NativeMethodAccessorImpl.java:62)
at java.base/jdk.internal.reflect.DelegatingMethodAccessorImpl.invoke(DelegatingMethodAccessorImpl.java:43)
at java.base/java.lang.reflect.Method.invoke(Method.java:566)
at org.testng.internal.invokers.MethodInvocationHelper.invokeMethod(MethodInvocationHelper.java:139)
at org.testng.internal.invokers.TestInvoker.invokeMethod(TestInvoker.java:677)
at org.testng.internal.invokers.TestInvoker.invokeTestMethod(TestInvoker.java:221)
at org.testng.internal.invokers.MethodRunner.runInSequence(MethodRunner.java:50)
at org.testng.internal.invokers.TestInvoker$MethodInvocationAgent.invoke(TestInvoker.java:962)
at org.testng.internal.invokers.TestInvoker.invokeTestMethods(TestInvoker.java:194)
at org.testng.internal.invokers.TestMethodWorker.invokeTestMethods(TestMethodWorker.java:148)
at org.testng.internal.invokers.TestMethodWorker.run(TestMethodWorker.java:128)
at java.base/java.util.ArrayList.forEach(ArrayList.java:1541)
at org.testng.TestRunner.privateRun(TestRunner.java:806)
at org.testng.TestRunner.run(TestRunner.java:601)
at org.testng.SuiteRunner.runTest(SuiteRunner.java:433)
at org.testng.SuiteRunner.runSequentially(SuiteRunner.java:427)
at org.testng.SuiteRunner.privateRun(SuiteRunner.java:387)
at org.testng.SuiteRunner.run(SuiteRunner.java:330)
at org.testng.SuiteRunnerWorker.runSuite(SuiteRunnerWorker.java:52)
at org.testng.SuiteRunnerWorker.run(SuiteRunnerWorker.java:95)
at org.testng.TestNG.runSuitesSequentially(TestNG.java:1256)
at org.testng.TestNG.runSuitesLocally(TestNG.java:1176)
at org.testng.TestNG.runSuites(TestNG.java:1099)
at org.testng.TestNG.run(TestNG.java:1067)
at com.intellij.rt.testng.IDEARemoteTestNG.run(IDEARemoteTestNG.java:66)
at com.intellij.rt.testng.RemoteTestNGStarter.main(RemoteTestNGStarter.java:109)
]]>
            </full-stacktrace>
          </exception> <!-- org.openqa.selenium.NoSuchElementException -->
          <reporter-output>
          </reporter-output>
        </test-method> <!-- ClickRequestLoanForm -->
        <test-method is-config="true" signature="startExtent(java.lang.reflect.Method)[pri:0, instance:com.parasoftbank.requestLoan@32b260fa]" started-at="2022-07-28T14:26:31 EDT" name="startExtent" finished-at="2022-07-28T14:26:31 EDT" duration-ms="0" status="PASS">
          <params>
            <param index="0">
              <value>
                <![CDATA[public void com.parasoftbank.requestLoan.ClickRequestLoanForm()]]>
              </value>
            </param>
          </params>
          <reporter-output>
          </reporter-output>
        </test-method> <!-- startExtent -->
        <test-method is-config="true" signature="afterEachTestMethod(org.testng.ITestResult)[pri:0, instance:com.parasoftbank.requestLoan@32b260fa]" started-at="2022-07-28T14:26:31 EDT" name="afterEachTestMethod" finished-at="2022-07-28T14:26:32 EDT" duration-ms="829" status="PASS">
          <params>
            <param index="0">
              <value>
                <![CDATA[[TestResult name=ClickRequestLoanForm status=FAILURE method=requestLoan.ClickRequestLoanForm()[pri:0, instance:com.parasoftbank.requestLoan@32b260fa] output={null}]]]>
              </value>
            </param>
          </params>
          <reporter-output>
          </reporter-output>
        </test-method> <!-- afterEachTestMethod -->
      </class> <!-- com.parasoftbank.requestLoan -->
    </test> <!-- Request Loan -->
    <test started-at="2022-07-28T14:26:32 EDT" name="Transfer fund" finished-at="2022-07-28T14:26:38 EDT" duration-ms="6316">
      <class name="com.parasoftbank.TransferFund">
        <test-method is-config="true" signature="setUp(boolean,java.lang.String,java.lang.String,java.lang.String,java.lang.String,java.lang.String,java.lang.String)[pri:0, instance:com.parasoftbank.TransferFund@67c33749]" started-at="2022-07-28T14:26:32 EDT" name="setUp" finished-at="2022-07-28T14:26:37 EDT" duration-ms="4845" status="PASS">
          <params>
            <param index="0">
              <value>
                <![CDATA[false]]>
              </value>
            </param>
            <param index="1">
              <value>
                <![CDATA[browserstack]]>
              </value>
            </param>
            <param index="2">
              <value>
                <![CDATA[Windows]]>
              </value>
            </param>
            <param index="3">
              <value>
                <![CDATA[windows10]]>
              </value>
            </param>
            <param index="4">
              <value>
                <![CDATA[chrome]]>
              </value>
            </param>
            <param index="5">
              <value>
                <![CDATA[100]]>
              </value>
            </param>
            <param index="6">
              <value>
                <![CDATA[https://parabank.parasoft.com/]]>
              </value>
            </param>
          </params>
          <reporter-output>
          </reporter-output>
        </test-method> <!-- setUp -->
        <test-method signature="ClickOnTransferFund()[pri:0, instance:com.parasoftbank.TransferFund@67c33749]" started-at="2022-07-28T14:26:37 EDT" name="ClickOnTransferFund" finished-at="2022-07-28T14:26:37 EDT" duration-ms="304" status="PASS">
          <reporter-output>
          </reporter-output>
        </test-method> <!-- ClickOnTransferFund -->
        <test-method is-config="true" signature="startExtent(java.lang.reflect.Method)[pri:0, instance:com.parasoftbank.TransferFund@67c33749]" started-at="2022-07-28T14:26:37 EDT" name="startExtent" finished-at="2022-07-28T14:26:37 EDT" duration-ms="0" status="PASS">
          <params>
            <param index="0">
              <value>
                <![CDATA[public void com.parasoftbank.TransferFund.ClickOnTransferFund()]]>
              </value>
            </param>
          </params>
          <reporter-output>
          </reporter-output>
        </test-method> <!-- startExtent -->
        <test-method is-config="true" signature="afterEachTestMethod(org.testng.ITestResult)[pri:0, instance:com.parasoftbank.TransferFund@67c33749]" started-at="2022-07-28T14:26:37 EDT" name="afterEachTestMethod" finished-at="2022-07-28T14:26:38 EDT" duration-ms="1167" status="PASS">
          <params>
            <param index="0">
              <value>
                <![CDATA[[TestResult name=ClickOnTransferFund status=SUCCESS method=TransferFund.ClickOnTransferFund()[pri:0, instance:com.parasoftbank.TransferFund@67c33749] output={null}]]]>
              </value>
            </param>
          </params>
          <reporter-output>
          </reporter-output>
        </test-method> <!-- afterEachTestMethod -->
      </class> <!-- com.parasoftbank.TransferFund -->
    </test> <!-- Transfer fund -->
    <test started-at="2022-07-28T14:26:38 EDT" name="Contact" finished-at="2022-07-28T14:26:46 EDT" duration-ms="7221">
      <class name="com.parasoftbank.contact">
        <test-method is-config="true" signature="setUp(boolean,java.lang.String,java.lang.String,java.lang.String,java.lang.String,java.lang.String,java.lang.String)[pri:0, instance:com.parasoftbank.contact@16a0ee18]" started-at="2022-07-28T14:26:38 EDT" name="setUp" finished-at="2022-07-28T14:26:44 EDT" duration-ms="5668" status="PASS">
          <params>
            <param index="0">
              <value>
                <![CDATA[false]]>
              </value>
            </param>
            <param index="1">
              <value>
                <![CDATA[browserstack]]>
              </value>
            </param>
            <param index="2">
              <value>
                <![CDATA[Windows]]>
              </value>
            </param>
            <param index="3">
              <value>
                <![CDATA[windows10]]>
              </value>
            </param>
            <param index="4">
              <value>
                <![CDATA[chrome]]>
              </value>
            </param>
            <param index="5">
              <value>
                <![CDATA[100]]>
              </value>
            </param>
            <param index="6">
              <value>
                <![CDATA[https://parabank.parasoft.com/]]>
              </value>
            </param>
          </params>
          <reporter-output>
          </reporter-output>
        </test-method> <!-- setUp -->
        <test-method signature="ClickOnContact()[pri:0, instance:com.parasoftbank.contact@16a0ee18]" started-at="2022-07-28T14:26:44 EDT" name="ClickOnContact" finished-at="2022-07-28T14:26:44 EDT" duration-ms="64" status="PASS">
          <reporter-output>
          </reporter-output>
        </test-method> <!-- ClickOnContact -->
        <test-method is-config="true" signature="startExtent(java.lang.reflect.Method)[pri:0, instance:com.parasoftbank.contact@16a0ee18]" started-at="2022-07-28T14:26:44 EDT" name="startExtent" finished-at="2022-07-28T14:26:44 EDT" duration-ms="0" status="PASS">
          <params>
            <param index="0">
              <value>
                <![CDATA[public void com.parasoftbank.contact.ClickOnContact()]]>
              </value>
            </param>
          </params>
          <reporter-output>
          </reporter-output>
        </test-method> <!-- startExtent -->
        <test-method is-config="true" signature="afterEachTestMethod(org.testng.ITestResult)[pri:0, instance:com.parasoftbank.contact@16a0ee18]" started-at="2022-07-28T14:26:44 EDT" name="afterEachTestMethod" finished-at="2022-07-28T14:26:46 EDT" duration-ms="1489" status="PASS">
          <params>
            <param index="0">
              <value>
                <![CDATA[[TestResult name=ClickOnContact status=SUCCESS method=contact.ClickOnContact()[pri:0, instance:com.parasoftbank.contact@16a0ee18] output={null}]]]>
              </value>
            </param>
          </params>
          <reporter-output>
          </reporter-output>
        </test-method> <!-- afterEachTestMethod -->
      </class> <!-- com.parasoftbank.contact -->
    </test> <!-- Contact -->
    <test started-at="2022-07-28T14:26:46 EDT" name="Find Transaction" finished-at="2022-07-28T14:26:53 EDT" duration-ms="7494">
      <class name="com.parasoftbank.FindTransactions">
        <test-method is-config="true" signature="setUp(boolean,java.lang.String,java.lang.String,java.lang.String,java.lang.String,java.lang.String,java.lang.String)[pri:0, instance:com.parasoftbank.FindTransactions@25084a1e]" started-at="2022-07-28T14:26:46 EDT" name="setUp" finished-at="2022-07-28T14:26:52 EDT" duration-ms="6008" status="PASS">
          <params>
            <param index="0">
              <value>
                <![CDATA[false]]>
              </value>
            </param>
            <param index="1">
              <value>
                <![CDATA[browserstack]]>
              </value>
            </param>
            <param index="2">
              <value>
                <![CDATA[Windows]]>
              </value>
            </param>
            <param index="3">
              <value>
                <![CDATA[windows10]]>
              </value>
            </param>
            <param index="4">
              <value>
                <![CDATA[chrome]]>
              </value>
            </param>
            <param index="5">
              <value>
                <![CDATA[100]]>
              </value>
            </param>
            <param index="6">
              <value>
                <![CDATA[https://parabank.parasoft.com/]]>
              </value>
            </param>
          </params>
          <reporter-output>
          </reporter-output>
        </test-method> <!-- setUp -->
        <test-method signature="ClickFindTransactions()[pri:0, instance:com.parasoftbank.FindTransactions@25084a1e]" started-at="2022-07-28T14:26:52 EDT" name="ClickFindTransactions" finished-at="2022-07-28T14:26:52 EDT" duration-ms="335" status="PASS">
          <reporter-output>
          </reporter-output>
        </test-method> <!-- ClickFindTransactions -->
        <test-method is-config="true" signature="startExtent(java.lang.reflect.Method)[pri:0, instance:com.parasoftbank.FindTransactions@25084a1e]" started-at="2022-07-28T14:26:52 EDT" name="startExtent" finished-at="2022-07-28T14:26:52 EDT" duration-ms="0" status="PASS">
          <params>
            <param index="0">
              <value>
                <![CDATA[public void com.parasoftbank.FindTransactions.ClickFindTransactions()]]>
              </value>
            </param>
          </params>
          <reporter-output>
          </reporter-output>
        </test-method> <!-- startExtent -->
        <test-method is-config="true" signature="afterEachTestMethod(org.testng.ITestResult)[pri:0, instance:com.parasoftbank.FindTransactions@25084a1e]" started-at="2022-07-28T14:26:52 EDT" name="afterEachTestMethod" finished-at="2022-07-28T14:26:53 EDT" duration-ms="1151" status="PASS">
          <params>
            <param index="0">
              <value>
                <![CDATA[[TestResult name=ClickFindTransactions status=SUCCESS method=FindTransactions.ClickFindTransactions()[pri:0, instance:com.parasoftbank.FindTransactions@25084a1e] output={null}]]]>
              </value>
            </param>
          </params>
          <reporter-output>
          </reporter-output>
        </test-method> <!-- afterEachTestMethod -->
      </class> <!-- com.parasoftbank.FindTransactions -->
    </test> <!-- Find Transaction -->
    <test started-at="2022-07-28T14:26:53 EDT" name="Admin Page" finished-at="2022-07-28T14:27:00 EDT" duration-ms="6706">
      <class name="com.parasoftbank.adminPage">
        <test-method is-config="true" signature="setUp(boolean,java.lang.String,java.lang.String,java.lang.String,java.lang.String,java.lang.String,java.lang.String)[pri:0, instance:com.parasoftbank.adminPage@4d465b11]" started-at="2022-07-28T14:26:53 EDT" name="setUp" finished-at="2022-07-28T14:26:58 EDT" duration-ms="4499" status="PASS">
          <params>
            <param index="0">
              <value>
                <![CDATA[false]]>
              </value>
            </param>
            <param index="1">
              <value>
                <![CDATA[browserstack]]>
              </value>
            </param>
            <param index="2">
              <value>
                <![CDATA[Windows]]>
              </value>
            </param>
            <param index="3">
              <value>
                <![CDATA[windows10]]>
              </value>
            </param>
            <param index="4">
              <value>
                <![CDATA[chrome]]>
              </value>
            </param>
            <param index="5">
              <value>
                <![CDATA[100]]>
              </value>
            </param>
            <param index="6">
              <value>
                <![CDATA[https://parabank.parasoft.com/]]>
              </value>
            </param>
          </params>
          <reporter-output>
          </reporter-output>
        </test-method> <!-- setUp -->
        <test-method signature="ClickOnAdmiLink()[pri:0, instance:com.parasoftbank.adminPage@4d465b11]" started-at="2022-07-28T14:26:58 EDT" name="ClickOnAdmiLink" finished-at="2022-07-28T14:26:59 EDT" duration-ms="1047" status="PASS">
          <reporter-output>
          </reporter-output>
        </test-method> <!-- ClickOnAdmiLink -->
        <test-method is-config="true" signature="startExtent(java.lang.reflect.Method)[pri:0, instance:com.parasoftbank.adminPage@4d465b11]" started-at="2022-07-28T14:26:58 EDT" name="startExtent" finished-at="2022-07-28T14:26:58 EDT" duration-ms="0" status="PASS">
          <params>
            <param index="0">
              <value>
                <![CDATA[public void com.parasoftbank.adminPage.ClickOnAdmiLink()]]>
              </value>
            </param>
          </params>
          <reporter-output>
          </reporter-output>
        </test-method> <!-- startExtent -->
        <test-method is-config="true" signature="afterEachTestMethod(org.testng.ITestResult)[pri:0, instance:com.parasoftbank.adminPage@4d465b11]" started-at="2022-07-28T14:26:59 EDT" name="afterEachTestMethod" finished-at="2022-07-28T14:27:00 EDT" duration-ms="1160" status="PASS">
          <params>
            <param index="0">
              <value>
                <![CDATA[[TestResult name=ClickOnAdmiLink status=SUCCESS method=adminPage.ClickOnAdmiLink()[pri:0, instance:com.parasoftbank.adminPage@4d465b11] output={null}]]]>
              </value>
            </param>
          </params>
          <reporter-output>
          </reporter-output>
        </test-method> <!-- afterEachTestMethod -->
      </class> <!-- com.parasoftbank.adminPage -->
    </test> <!-- Admin Page -->
    <test started-at="2022-07-28T14:27:00 EDT" name="Home" finished-at="2022-07-28T14:27:06 EDT" duration-ms="5991">
      <class name="com.parasoftbank.home">
        <test-method is-config="true" signature="setUp(boolean,java.lang.String,java.lang.String,java.lang.String,java.lang.String,java.lang.String,java.lang.String)[pri:0, instance:com.parasoftbank.home@3232a28a]" started-at="2022-07-28T14:27:00 EDT" name="setUp" finished-at="2022-07-28T14:27:04 EDT" duration-ms="4693" status="PASS">
          <params>
            <param index="0">
              <value>
                <![CDATA[false]]>
              </value>
            </param>
            <param index="1">
              <value>
                <![CDATA[browserstack]]>
              </value>
            </param>
            <param index="2">
              <value>
                <![CDATA[Windows]]>
              </value>
            </param>
            <param index="3">
              <value>
                <![CDATA[windows10]]>
              </value>
            </param>
            <param index="4">
              <value>
                <![CDATA[chrome]]>
              </value>
            </param>
            <param index="5">
              <value>
                <![CDATA[100]]>
              </value>
            </param>
            <param index="6">
              <value>
                <![CDATA[https://parabank.parasoft.com/]]>
              </value>
            </param>
          </params>
          <reporter-output>
          </reporter-output>
        </test-method> <!-- setUp -->
        <test-method signature="ClickHomeBtn()[pri:0, instance:com.parasoftbank.home@3232a28a]" started-at="2022-07-28T14:27:04 EDT" name="ClickHomeBtn" finished-at="2022-07-28T14:27:04 EDT" duration-ms="8" status="PASS">
          <reporter-output>
          </reporter-output>
        </test-method> <!-- ClickHomeBtn -->
        <test-method is-config="true" signature="startExtent(java.lang.reflect.Method)[pri:0, instance:com.parasoftbank.home@3232a28a]" started-at="2022-07-28T14:27:04 EDT" name="startExtent" finished-at="2022-07-28T14:27:04 EDT" duration-ms="0" status="PASS">
          <params>
            <param index="0">
              <value>
                <![CDATA[public void com.parasoftbank.home.ClickHomeBtn()]]>
              </value>
            </param>
          </params>
          <reporter-output>
          </reporter-output>
        </test-method> <!-- startExtent -->
        <test-method is-config="true" signature="afterEachTestMethod(org.testng.ITestResult)[pri:0, instance:com.parasoftbank.home@3232a28a]" started-at="2022-07-28T14:27:04 EDT" name="afterEachTestMethod" finished-at="2022-07-28T14:27:06 EDT" duration-ms="1290" status="PASS">
          <params>
            <param index="0">
              <value>
                <![CDATA[[TestResult name=ClickHomeBtn status=SUCCESS method=home.ClickHomeBtn()[pri:0, instance:com.parasoftbank.home@3232a28a] output={null}]]]>
              </value>
            </param>
          </params>
          <reporter-output>
          </reporter-output>
        </test-method> <!-- afterEachTestMethod -->
      </class> <!-- com.parasoftbank.home -->
    </test> <!-- Home -->
    <test started-at="2022-07-28T14:27:06 EDT" name="Update Info" finished-at="2022-07-28T14:27:12 EDT" duration-ms="6494">
      <class name="com.parasoftbank.upDateInfo">
        <test-method is-config="true" signature="setUp(boolean,java.lang.String,java.lang.String,java.lang.String,java.lang.String,java.lang.String,java.lang.String)[pri:0, instance:com.parasoftbank.upDateInfo@7fee8714]" started-at="2022-07-28T14:27:06 EDT" name="setUp" finished-at="2022-07-28T14:27:11 EDT" duration-ms="5105" status="PASS">
          <params>
            <param index="0">
              <value>
                <![CDATA[false]]>
              </value>
            </param>
            <param index="1">
              <value>
                <![CDATA[browserstack]]>
              </value>
            </param>
            <param index="2">
              <value>
                <![CDATA[Windows]]>
              </value>
            </param>
            <param index="3">
              <value>
                <![CDATA[windows10]]>
              </value>
            </param>
            <param index="4">
              <value>
                <![CDATA[chrome]]>
              </value>
            </param>
            <param index="5">
              <value>
                <![CDATA[100]]>
              </value>
            </param>
            <param index="6">
              <value>
                <![CDATA[https://parabank.parasoft.com/]]>
              </value>
            </param>
          </params>
          <reporter-output>
          </reporter-output>
        </test-method> <!-- setUp -->
        <test-method signature="ClickOnUpDateInfo()[pri:0, instance:com.parasoftbank.upDateInfo@7fee8714]" started-at="2022-07-28T14:27:11 EDT" name="ClickOnUpDateInfo" finished-at="2022-07-28T14:27:11 EDT" duration-ms="284" status="FAIL">
          <exception class="org.openqa.selenium.NoSuchElementException">
            <message>
              <![CDATA[no such element: Unable to locate element: {"method":"xpath","selector":"//*[@id="leftPanel"]/ul/li[6]/a"}
  (Session info: chrome=103.0.5060.134)
For documentation on this error, please visit: https://selenium.dev/exceptions/#no_such_element
Build info: version: '4.3.0', revision: 'a4995e2c09*'
System info: host: 'DESKTOP-IA81GD4', ip: '192.168.56.1', os.name: 'Windows 10', os.arch: 'amd64', os.version: '10.0', java.version: '11.0.15'
Driver info: org.openqa.selenium.chrome.ChromeDriver
Command: [f9d245c3b0a9f29aef7e6222a37dbe12, findElement {using=xpath, value=//*[@id="leftPanel"]/ul/li[6]/a}]
Capabilities {acceptInsecureCerts: false, browserName: chrome, browserVersion: 103.0.5060.134, chrome: {chromedriverVersion: 103.0.5060.53 (a1711811edd7..., userDataDir: C:\Users\Devraj\AppData\Loc...}, goog:chromeOptions: {debuggerAddress: localhost:58136}, networkConnectionEnabled: false, pageLoadStrategy: normal, platformName: WINDOWS, proxy: Proxy(), se:cdp: ws://localhost:58136/devtoo..., se:cdpVersion: 103.0.5060.134, setWindowRect: true, strictFileInteractability: false, timeouts: {implicit: 0, pageLoad: 300000, script: 30000}, unhandledPromptBehavior: dismiss and notify, webauthn:extension:credBlob: true, webauthn:extension:largeBlob: true, webauthn:virtualAuthenticators: true}
Session ID: f9d245c3b0a9f29aef7e6222a37dbe12]]>
            </message>
            <full-stacktrace>
              <![CDATA[org.openqa.selenium.NoSuchElementException: no such element: Unable to locate element: {"method":"xpath","selector":"//*[@id="leftPanel"]/ul/li[6]/a"}
  (Session info: chrome=103.0.5060.134)
For documentation on this error, please visit: https://selenium.dev/exceptions/#no_such_element
Build info: version: '4.3.0', revision: 'a4995e2c09*'
System info: host: 'DESKTOP-IA81GD4', ip: '192.168.56.1', os.name: 'Windows 10', os.arch: 'amd64', os.version: '10.0', java.version: '11.0.15'
Driver info: org.openqa.selenium.chrome.ChromeDriver
Command: [f9d245c3b0a9f29aef7e6222a37dbe12, findElement {using=xpath, value=//*[@id="leftPanel"]/ul/li[6]/a}]
Capabilities {acceptInsecureCerts: false, browserName: chrome, browserVersion: 103.0.5060.134, chrome: {chromedriverVersion: 103.0.5060.53 (a1711811edd7..., userDataDir: C:\Users\Devraj\AppData\Loc...}, goog:chromeOptions: {debuggerAddress: localhost:58136}, networkConnectionEnabled: false, pageLoadStrategy: normal, platformName: WINDOWS, proxy: Proxy(), se:cdp: ws://localhost:58136/devtoo..., se:cdpVersion: 103.0.5060.134, setWindowRect: true, strictFileInteractability: false, timeouts: {implicit: 0, pageLoad: 300000, script: 30000}, unhandledPromptBehavior: dismiss and notify, webauthn:extension:credBlob: true, webauthn:extension:largeBlob: true, webauthn:virtualAuthenticators: true}
Session ID: f9d245c3b0a9f29aef7e6222a37dbe12
at java.base/jdk.internal.reflect.NativeConstructorAccessorImpl.newInstance0(Native Method)
at java.base/jdk.internal.reflect.NativeConstructorAccessorImpl.newInstance(NativeConstructorAccessorImpl.java:62)
at java.base/jdk.internal.reflect.DelegatingConstructorAccessorImpl.newInstance(DelegatingConstructorAccessorImpl.java:45)
at java.base/java.lang.reflect.Constructor.newInstance(Constructor.java:490)
at org.openqa.selenium.remote.codec.w3c.W3CHttpResponseCodec.createException(W3CHttpResponseCodec.java:200)
at org.openqa.selenium.remote.codec.w3c.W3CHttpResponseCodec.decode(W3CHttpResponseCodec.java:133)
at org.openqa.selenium.remote.codec.w3c.W3CHttpResponseCodec.decode(W3CHttpResponseCodec.java:53)
at org.openqa.selenium.remote.HttpCommandExecutor.execute(HttpCommandExecutor.java:184)
at org.openqa.selenium.remote.service.DriverCommandExecutor.invokeExecute(DriverCommandExecutor.java:167)
at org.openqa.selenium.remote.service.DriverCommandExecutor.execute(DriverCommandExecutor.java:142)
at org.openqa.selenium.remote.RemoteWebDriver.execute(RemoteWebDriver.java:569)
at org.openqa.selenium.remote.ElementLocation$ElementFinder$2.findElement(ElementLocation.java:162)
at org.openqa.selenium.remote.ElementLocation.findElement(ElementLocation.java:60)
at org.openqa.selenium.remote.RemoteWebDriver.findElement(RemoteWebDriver.java:387)
at org.openqa.selenium.remote.RemoteWebDriver.findElement(RemoteWebDriver.java:379)
at org.openqa.selenium.support.pagefactory.DefaultElementLocator.findElement(DefaultElementLocator.java:70)
at org.openqa.selenium.support.pagefactory.internal.LocatingElementHandler.invoke(LocatingElementHandler.java:39)
at com.sun.proxy.$Proxy19.click(Unknown Source)
at Base.CommonAPI.click(CommonAPI.java:172)
at pages.LogInPage.ClickUpdateContactInfo(LogInPage.java:170)
at com.parasoftbank.upDateInfo.ClickOnUpDateInfo(upDateInfo.java:24)
at java.base/jdk.internal.reflect.NativeMethodAccessorImpl.invoke0(Native Method)
at java.base/jdk.internal.reflect.NativeMethodAccessorImpl.invoke(NativeMethodAccessorImpl.java:62)
at java.base/jdk.internal.reflect.DelegatingMethodAccessorImpl.invoke(DelegatingMethodAccessorImpl.java:43)
at java.base/java.lang.reflect.Method.invoke(Method.java:566)
at org.testng.internal.invokers.MethodInvocationHelper.invokeMethod(MethodInvocationHelper.java:139)
at org.testng.internal.invokers.TestInvoker.invokeMethod(TestInvoker.java:677)
at org.testng.internal.invokers.TestInvoker.invokeTestMethod(TestInvoker.java:221)
at org.testng.internal.invokers.MethodRunner.runInSequence(MethodRunner.java:50)
at org.testng.internal.invokers.TestInvoker$MethodInvocationAgent.invoke(TestInvoker.java:962)
at org.testng.internal.invokers.TestInvoker.invokeTestMethods(TestInvoker.java:194)
at org.testng.internal.invokers.TestMethodWorker.invokeTestMethods(TestMethodWorker.java:148)
at org.testng.internal.invokers.TestMethodWorker.run(TestMethodWorker.java:128)
at java.base/java.util.ArrayList.forEach(ArrayList.java:1541)
at org.testng.TestRunner.privateRun(TestRunner.java:806)
at org.testng.TestRunner.run(TestRunner.java:601)
at org.testng.SuiteRunner.runTest(SuiteRunner.java:433)
at org.testng.SuiteRunner.runSequentially(SuiteRunner.java:427)
at org.testng.SuiteRunner.privateRun(SuiteRunner.java:387)
at org.testng.SuiteRunner.run(SuiteRunner.java:330)
at org.testng.SuiteRunnerWorker.runSuite(SuiteRunnerWorker.java:52)
at org.testng.SuiteRunnerWorker.run(SuiteRunnerWorker.java:95)
at org.testng.TestNG.runSuitesSequentially(TestNG.java:1256)
at org.testng.TestNG.runSuitesLocally(TestNG.java:1176)
at org.testng.TestNG.runSuites(TestNG.java:1099)
at org.testng.TestNG.run(TestNG.java:1067)
at com.intellij.rt.testng.IDEARemoteTestNG.run(IDEARemoteTestNG.java:66)
at com.intellij.rt.testng.RemoteTestNGStarter.main(RemoteTestNGStarter.java:109)
]]>
            </full-stacktrace>
          </exception> <!-- org.openqa.selenium.NoSuchElementException -->
          <reporter-output>
          </reporter-output>
        </test-method> <!-- ClickOnUpDateInfo -->
        <test-method is-config="true" signature="startExtent(java.lang.reflect.Method)[pri:0, instance:com.parasoftbank.upDateInfo@7fee8714]" started-at="2022-07-28T14:27:11 EDT" name="startExtent" finished-at="2022-07-28T14:27:11 EDT" duration-ms="0" status="PASS">
          <params>
            <param index="0">
              <value>
                <![CDATA[public void com.parasoftbank.upDateInfo.ClickOnUpDateInfo()]]>
              </value>
            </param>
          </params>
          <reporter-output>
          </reporter-output>
        </test-method> <!-- startExtent -->
        <test-method is-config="true" signature="afterEachTestMethod(org.testng.ITestResult)[pri:0, instance:com.parasoftbank.upDateInfo@7fee8714]" started-at="2022-07-28T14:27:11 EDT" name="afterEachTestMethod" finished-at="2022-07-28T14:27:12 EDT" duration-ms="1097" status="PASS">
          <params>
            <param index="0">
              <value>
                <![CDATA[[TestResult name=ClickOnUpDateInfo status=FAILURE method=upDateInfo.ClickOnUpDateInfo()[pri:0, instance:com.parasoftbank.upDateInfo@7fee8714] output={null}]]]>
              </value>
            </param>
          </params>
          <reporter-output>
          </reporter-output>
        </test-method> <!-- afterEachTestMethod -->
      </class> <!-- com.parasoftbank.upDateInfo -->
    </test> <!-- Update Info -->
    <test started-at="2022-07-28T14:27:12 EDT" name="Sign-out" finished-at="2022-07-28T14:27:19 EDT" duration-ms="6368">
      <class name="com.parasoftbank.SignOut">
        <test-method is-config="true" signature="setUp(boolean,java.lang.String,java.lang.String,java.lang.String,java.lang.String,java.lang.String,java.lang.String)[pri:0, instance:com.parasoftbank.SignOut@169e6180]" started-at="2022-07-28T14:27:12 EDT" name="setUp" finished-at="2022-07-28T14:27:17 EDT" duration-ms="5003" status="PASS">
          <params>
            <param index="0">
              <value>
                <![CDATA[false]]>
              </value>
            </param>
            <param index="1">
              <value>
                <![CDATA[browserstack]]>
              </value>
            </param>
            <param index="2">
              <value>
                <![CDATA[Windows]]>
              </value>
            </param>
            <param index="3">
              <value>
                <![CDATA[windows10]]>
              </value>
            </param>
            <param index="4">
              <value>
                <![CDATA[chrome]]>
              </value>
            </param>
            <param index="5">
              <value>
                <![CDATA[100]]>
              </value>
            </param>
            <param index="6">
              <value>
                <![CDATA[https://parabank.parasoft.com/]]>
              </value>
            </param>
          </params>
          <reporter-output>
          </reporter-output>
        </test-method> <!-- setUp -->
        <test-method signature="ClickOnSignOut()[pri:0, instance:com.parasoftbank.SignOut@169e6180]" started-at="2022-07-28T14:27:17 EDT" name="ClickOnSignOut" finished-at="2022-07-28T14:27:18 EDT" duration-ms="289" status="PASS">
          <reporter-output>
          </reporter-output>
        </test-method> <!-- ClickOnSignOut -->
        <test-method is-config="true" signature="startExtent(java.lang.reflect.Method)[pri:0, instance:com.parasoftbank.SignOut@169e6180]" started-at="2022-07-28T14:27:17 EDT" name="startExtent" finished-at="2022-07-28T14:27:17 EDT" duration-ms="0" status="PASS">
          <params>
            <param index="0">
              <value>
                <![CDATA[public void com.parasoftbank.SignOut.ClickOnSignOut()]]>
              </value>
            </param>
          </params>
          <reporter-output>
          </reporter-output>
        </test-method> <!-- startExtent -->
        <test-method is-config="true" signature="afterEachTestMethod(org.testng.ITestResult)[pri:0, instance:com.parasoftbank.SignOut@169e6180]" started-at="2022-07-28T14:27:18 EDT" name="afterEachTestMethod" finished-at="2022-07-28T14:27:19 EDT" duration-ms="1076" status="PASS">
          <params>
            <param index="0">
              <value>
                <![CDATA[[TestResult name=ClickOnSignOut status=SUCCESS method=SignOut.ClickOnSignOut()[pri:0, instance:com.parasoftbank.SignOut@169e6180] output={null}]]]>
              </value>
            </param>
          </params>
          <reporter-output>
          </reporter-output>
        </test-method> <!-- afterEachTestMethod -->
      </class> <!-- com.parasoftbank.SignOut -->
    </test> <!-- Sign-out -->
    <test started-at="2022-07-28T14:27:19 EDT" name="Forget Login Info" finished-at="2022-07-28T14:27:26 EDT" duration-ms="6909">
      <class name="com.parasoftbank.ForgetLogInInfo">
        <test-method is-config="true" signature="setUp(boolean,java.lang.String,java.lang.String,java.lang.String,java.lang.String,java.lang.String,java.lang.String)[pri:0, instance:com.parasoftbank.ForgetLogInInfo@3b6ddd1d]" started-at="2022-07-28T14:27:19 EDT" name="setUp" finished-at="2022-07-28T14:27:24 EDT" duration-ms="5589" status="PASS">
          <params>
            <param index="0">
              <value>
                <![CDATA[false]]>
              </value>
            </param>
            <param index="1">
              <value>
                <![CDATA[browserstack]]>
              </value>
            </param>
            <param index="2">
              <value>
                <![CDATA[Windows]]>
              </value>
            </param>
            <param index="3">
              <value>
                <![CDATA[windows10]]>
              </value>
            </param>
            <param index="4">
              <value>
                <![CDATA[chrome]]>
              </value>
            </param>
            <param index="5">
              <value>
                <![CDATA[100]]>
              </value>
            </param>
            <param index="6">
              <value>
                <![CDATA[https://parabank.parasoft.com/]]>
              </value>
            </param>
          </params>
          <reporter-output>
          </reporter-output>
        </test-method> <!-- setUp -->
        <test-method signature="ClickForgetLogInInfo()[pri:0, instance:com.parasoftbank.ForgetLogInInfo@3b6ddd1d]" started-at="2022-07-28T14:27:24 EDT" name="ClickForgetLogInInfo" finished-at="2022-07-28T14:27:24 EDT" duration-ms="118" status="PASS">
          <reporter-output>
          </reporter-output>
        </test-method> <!-- ClickForgetLogInInfo -->
        <test-method is-config="true" signature="startExtent(java.lang.reflect.Method)[pri:0, instance:com.parasoftbank.ForgetLogInInfo@3b6ddd1d]" started-at="2022-07-28T14:27:24 EDT" name="startExtent" finished-at="2022-07-28T14:27:24 EDT" duration-ms="0" status="PASS">
          <params>
            <param index="0">
              <value>
                <![CDATA[public void com.parasoftbank.ForgetLogInInfo.ClickForgetLogInInfo()]]>
              </value>
            </param>
          </params>
          <reporter-output>
          </reporter-output>
        </test-method> <!-- startExtent -->
        <test-method is-config="true" signature="afterEachTestMethod(org.testng.ITestResult)[pri:0, instance:com.parasoftbank.ForgetLogInInfo@3b6ddd1d]" started-at="2022-07-28T14:27:24 EDT" name="afterEachTestMethod" finished-at="2022-07-28T14:27:26 EDT" duration-ms="1202" status="PASS">
          <params>
            <param index="0">
              <value>
                <![CDATA[[TestResult name=ClickForgetLogInInfo status=SUCCESS method=ForgetLogInInfo.ClickForgetLogInInfo()[pri:0, instance:com.parasoftbank.ForgetLogInInfo@3b6ddd1d] output={null}]]]>
              </value>
            </param>
          </params>
          <reporter-output>
          </reporter-output>
        </test-method> <!-- afterEachTestMethod -->
      </class> <!-- com.parasoftbank.ForgetLogInInfo -->
    </test> <!-- Forget Login Info -->
    <test started-at="2022-07-28T14:27:26 EDT" name="Register" finished-at="2022-07-28T14:27:31 EDT" duration-ms="5844">
      <class name="com.parasoftbank.Register">
        <test-method is-config="true" signature="extentSetup(org.testng.ITestContext)[pri:0, instance:com.parasoftbank.Register@a530d0a]" started-at="2022-07-28T14:24:55 EDT" name="extentSetup" finished-at="2022-07-28T14:24:55 EDT" duration-ms="625" status="PASS">
          <params>
            <param index="0">
              <value>
                <![CDATA[org.testng.TestRunner@56e5c8fb]]>
              </value>
            </param>
          </params>
          <reporter-output>
            <line>
              <![CDATA[Extent Report DirectoryC:\Users\Devraj\IdeaProjects\ParabankParasoftCom\test-output\html]]>
            </line>
          </reporter-output>
        </test-method> <!-- extentSetup -->
        <test-method is-config="true" signature="setUp(boolean,java.lang.String,java.lang.String,java.lang.String,java.lang.String,java.lang.String,java.lang.String)[pri:0, instance:com.parasoftbank.Register@a530d0a]" started-at="2022-07-28T14:27:26 EDT" name="setUp" finished-at="2022-07-28T14:27:30 EDT" duration-ms="4306" status="PASS">
          <params>
            <param index="0">
              <value>
                <![CDATA[false]]>
              </value>
            </param>
            <param index="1">
              <value>
                <![CDATA[browserstack]]>
              </value>
            </param>
            <param index="2">
              <value>
                <![CDATA[Windows]]>
              </value>
            </param>
            <param index="3">
              <value>
                <![CDATA[windows10]]>
              </value>
            </param>
            <param index="4">
              <value>
                <![CDATA[chrome]]>
              </value>
            </param>
            <param index="5">
              <value>
                <![CDATA[100]]>
              </value>
            </param>
            <param index="6">
              <value>
                <![CDATA[https://parabank.parasoft.com/]]>
              </value>
            </param>
          </params>
          <reporter-output>
          </reporter-output>
        </test-method> <!-- setUp -->
        <test-method is-config="true" signature="startExtent(java.lang.reflect.Method)[pri:0, instance:com.parasoftbank.Register@a530d0a]" started-at="2022-07-28T14:27:30 EDT" name="startExtent" finished-at="2022-07-28T14:27:30 EDT" duration-ms="15" status="PASS">
          <params>
            <param index="0">
              <value>
                <![CDATA[public void com.parasoftbank.Register.test20()]]>
              </value>
            </param>
          </params>
          <reporter-output>
          </reporter-output>
        </test-method> <!-- startExtent -->
        <test-method signature="test20()[pri:0, instance:com.parasoftbank.Register@a530d0a]" started-at="2022-07-28T14:27:30 EDT" name="test20" finished-at="2022-07-28T14:27:30 EDT" duration-ms="64" status="FAIL">
          <exception class="org.openqa.selenium.NoSuchElementException">
            <message>
              <![CDATA[no such element: Unable to locate element: {"method":"css selector","selector":"*[name='CustomerFirstName']"}
  (Session info: chrome=103.0.5060.134)
For documentation on this error, please visit: https://selenium.dev/exceptions/#no_such_element
Build info: version: '4.3.0', revision: 'a4995e2c09*'
System info: host: 'DESKTOP-IA81GD4', ip: '192.168.56.1', os.name: 'Windows 10', os.arch: 'amd64', os.version: '10.0', java.version: '11.0.15'
Driver info: org.openqa.selenium.chrome.ChromeDriver
Command: [a221baf02063b04d77c41c44327bc377, findElement {using=name, value=CustomerFirstName}]
Capabilities {acceptInsecureCerts: false, browserName: chrome, browserVersion: 103.0.5060.134, chrome: {chromedriverVersion: 103.0.5060.53 (a1711811edd7..., userDataDir: C:\Users\Devraj\AppData\Loc...}, goog:chromeOptions: {debuggerAddress: localhost:58249}, networkConnectionEnabled: false, pageLoadStrategy: normal, platformName: WINDOWS, proxy: Proxy(), se:cdp: ws://localhost:58249/devtoo..., se:cdpVersion: 103.0.5060.134, setWindowRect: true, strictFileInteractability: false, timeouts: {implicit: 0, pageLoad: 300000, script: 30000}, unhandledPromptBehavior: dismiss and notify, webauthn:extension:credBlob: true, webauthn:extension:largeBlob: true, webauthn:virtualAuthenticators: true}
Session ID: a221baf02063b04d77c41c44327bc377]]>
            </message>
            <full-stacktrace>
              <![CDATA[org.openqa.selenium.NoSuchElementException: no such element: Unable to locate element: {"method":"css selector","selector":"*[name='CustomerFirstName']"}
  (Session info: chrome=103.0.5060.134)
For documentation on this error, please visit: https://selenium.dev/exceptions/#no_such_element
Build info: version: '4.3.0', revision: 'a4995e2c09*'
System info: host: 'DESKTOP-IA81GD4', ip: '192.168.56.1', os.name: 'Windows 10', os.arch: 'amd64', os.version: '10.0', java.version: '11.0.15'
Driver info: org.openqa.selenium.chrome.ChromeDriver
Command: [a221baf02063b04d77c41c44327bc377, findElement {using=name, value=CustomerFirstName}]
Capabilities {acceptInsecureCerts: false, browserName: chrome, browserVersion: 103.0.5060.134, chrome: {chromedriverVersion: 103.0.5060.53 (a1711811edd7..., userDataDir: C:\Users\Devraj\AppData\Loc...}, goog:chromeOptions: {debuggerAddress: localhost:58249}, networkConnectionEnabled: false, pageLoadStrategy: normal, platformName: WINDOWS, proxy: Proxy(), se:cdp: ws://localhost:58249/devtoo..., se:cdpVersion: 103.0.5060.134, setWindowRect: true, strictFileInteractability: false, timeouts: {implicit: 0, pageLoad: 300000, script: 30000}, unhandledPromptBehavior: dismiss and notify, webauthn:extension:credBlob: true, webauthn:extension:largeBlob: true, webauthn:virtualAuthenticators: true}
Session ID: a221baf02063b04d77c41c44327bc377
at java.base/jdk.internal.reflect.NativeConstructorAccessorImpl.newInstance0(Native Method)
at java.base/jdk.internal.reflect.NativeConstructorAccessorImpl.newInstance(NativeConstructorAccessorImpl.java:62)
at java.base/jdk.internal.reflect.DelegatingConstructorAccessorImpl.newInstance(DelegatingConstructorAccessorImpl.java:45)
at java.base/java.lang.reflect.Constructor.newInstance(Constructor.java:490)
at org.openqa.selenium.remote.codec.w3c.W3CHttpResponseCodec.createException(W3CHttpResponseCodec.java:200)
at org.openqa.selenium.remote.codec.w3c.W3CHttpResponseCodec.decode(W3CHttpResponseCodec.java:133)
at org.openqa.selenium.remote.codec.w3c.W3CHttpResponseCodec.decode(W3CHttpResponseCodec.java:53)
at org.openqa.selenium.remote.HttpCommandExecutor.execute(HttpCommandExecutor.java:184)
at org.openqa.selenium.remote.service.DriverCommandExecutor.invokeExecute(DriverCommandExecutor.java:167)
at org.openqa.selenium.remote.service.DriverCommandExecutor.execute(DriverCommandExecutor.java:142)
at org.openqa.selenium.remote.RemoteWebDriver.execute(RemoteWebDriver.java:569)
at org.openqa.selenium.remote.ElementLocation$ElementFinder$2.findElement(ElementLocation.java:162)
at org.openqa.selenium.remote.ElementLocation.findElement(ElementLocation.java:66)
at org.openqa.selenium.remote.RemoteWebDriver.findElement(RemoteWebDriver.java:387)
at org.openqa.selenium.remote.RemoteWebDriver.findElement(RemoteWebDriver.java:379)
at org.openqa.selenium.support.pagefactory.DefaultElementLocator.findElement(DefaultElementLocator.java:70)
at org.openqa.selenium.support.pagefactory.internal.LocatingElementHandler.invoke(LocatingElementHandler.java:39)
at com.sun.proxy.$Proxy19.sendKeys(Unknown Source)
at Base.CommonAPI.type(CommonAPI.java:178)
at pages.LogInPage.TypeCustomerFirstName1(LogInPage.java:175)
at com.parasoftbank.Register.test20(Register.java:17)
at java.base/jdk.internal.reflect.NativeMethodAccessorImpl.invoke0(Native Method)
at java.base/jdk.internal.reflect.NativeMethodAccessorImpl.invoke(NativeMethodAccessorImpl.java:62)
at java.base/jdk.internal.reflect.DelegatingMethodAccessorImpl.invoke(DelegatingMethodAccessorImpl.java:43)
at java.base/java.lang.reflect.Method.invoke(Method.java:566)
at org.testng.internal.invokers.MethodInvocationHelper.invokeMethod(MethodInvocationHelper.java:139)
at org.testng.internal.invokers.TestInvoker.invokeMethod(TestInvoker.java:677)
at org.testng.internal.invokers.TestInvoker.invokeTestMethod(TestInvoker.java:221)
at org.testng.internal.invokers.MethodRunner.runInSequence(MethodRunner.java:50)
at org.testng.internal.invokers.TestInvoker$MethodInvocationAgent.invoke(TestInvoker.java:962)
at org.testng.internal.invokers.TestInvoker.invokeTestMethods(TestInvoker.java:194)
at org.testng.internal.invokers.TestMethodWorker.invokeTestMethods(TestMethodWorker.java:148)
at org.testng.internal.invokers.TestMethodWorker.run(TestMethodWorker.java:128)
at java.base/java.util.ArrayList.forEach(ArrayList.java:1541)
at org.testng.TestRunner.privateRun(TestRunner.java:806)
at org.testng.TestRunner.run(TestRunner.java:601)
at org.testng.SuiteRunner.runTest(SuiteRunner.java:433)
at org.testng.SuiteRunner.runSequentially(SuiteRunner.java:427)
at org.testng.SuiteRunner.privateRun(SuiteRunner.java:387)
at org.testng.SuiteRunner.run(SuiteRunner.java:330)
at org.testng.SuiteRunnerWorker.runSuite(SuiteRunnerWorker.java:52)
at org.testng.SuiteRunnerWorker.run(SuiteRunnerWorker.java:95)
at org.testng.TestNG.runSuitesSequentially(TestNG.java:1256)
at org.testng.TestNG.runSuitesLocally(TestNG.java:1176)
at org.testng.TestNG.runSuites(TestNG.java:1099)
at org.testng.TestNG.run(TestNG.java:1067)
at com.intellij.rt.testng.IDEARemoteTestNG.run(IDEARemoteTestNG.java:66)
at com.intellij.rt.testng.RemoteTestNGStarter.main(RemoteTestNGStarter.java:109)
]]>
            </full-stacktrace>
          </exception> <!-- org.openqa.selenium.NoSuchElementException -->
          <reporter-output>
          </reporter-output>
        </test-method> <!-- test20 -->
        <test-method is-config="true" signature="afterEachTestMethod(org.testng.ITestResult)[pri:0, instance:com.parasoftbank.Register@a530d0a]" started-at="2022-07-28T14:27:30 EDT" name="afterEachTestMethod" finished-at="2022-07-28T14:27:31 EDT" duration-ms="1451" status="PASS">
          <params>
            <param index="0">
              <value>
                <![CDATA[[TestResult name=test20 status=FAILURE method=Register.test20()[pri:0, instance:com.parasoftbank.Register@a530d0a] output={null}]]]>
              </value>
            </param>
          </params>
          <reporter-output>
          </reporter-output>
        </test-method> <!-- afterEachTestMethod -->
        <test-method is-config="true" signature="generateReport()[pri:0, instance:com.parasoftbank.Register@a530d0a]" started-at="2022-07-28T14:27:31 EDT" name="generateReport" finished-at="2022-07-28T14:27:31 EDT" duration-ms="63" status="PASS">
          <reporter-output>
          </reporter-output>
        </test-method> <!-- generateReport -->
      </class> <!-- com.parasoftbank.Register -->
    </test> <!-- Register -->
  </suite> <!-- parasoftbank test -->
</testng-results>
